<?xml version="1.0" encoding="UTF-8"?>
<testng-results skipped="0" failed="0" ignored="0" total="2" passed="2">
  <reporter-output>
  </reporter-output>
  <suite name="Default Suite" duration-ms="24601" started-at="2020-03-28T17:05:15 CET" finished-at="2020-03-28T17:05:40 CET">
    <groups>
    </groups>
    <test name="SikuliTest" duration-ms="24601" started-at="2020-03-28T17:05:15 CET" finished-at="2020-03-28T17:05:40 CET">
      <class name="FirstTest">
        <test-method status="PASS" signature="setUp()[pri:0, instance:FirstTest@27efef64]" name="setUp" is-config="true" duration-ms="203" started-at="2020-03-28T17:05:15 CET" finished-at="2020-03-28T17:05:16 CET">
          <reporter-output>
          </reporter-output>
        </test-method> <!-- setUp -->
        <test-method status="PASS" signature="clickWindowsStartAndOpenMSWord()[pri:0, instance:FirstTest@27efef64]" name="clickWindowsStartAndOpenMSWord" duration-ms="12691" started-at="2020-03-28T17:05:16 CET" finished-at="2020-03-28T17:05:28 CET">
          <reporter-output>
          </reporter-output>
        </test-method> <!-- clickWindowsStartAndOpenMSWord -->
        <test-method status="PASS" signature="clickWindowsStartAndOpenMSWord2()[pri:0, instance:FirstTest@27efef64]" name="clickWindowsStartAndOpenMSWord2" duration-ms="11510" started-at="2020-03-28T17:05:28 CET" finished-at="2020-03-28T17:05:40 CET">
          <reporter-output>
          </reporter-output>
        </test-method> <!-- clickWindowsStartAndOpenMSWord2 -->
        <test-method status="PASS" signature="tearDown()[pri:0, instance:FirstTest@27efef64]" name="tearDown" is-config="true" duration-ms="69" started-at="2020-03-28T17:05:40 CET" finished-at="2020-03-28T17:05:40 CET">
          <reporter-output>
          </reporter-output>
        </test-method> <!-- tearDown -->
        <test-method status="PASS" signature="tearDown2()[pri:0, instance:FirstTest@27efef64]" name="tearDown2" is-config="true" duration-ms="68" started-at="2020-03-28T17:05:40 CET" finished-at="2020-03-28T17:05:40 CET">
          <reporter-output>
          </reporter-output>
        </test-method> <!-- tearDown2 -->
      </class> <!-- FirstTest -->
    </test> <!-- SikuliTest -->
  </suite> <!-- Default Suite -->
</testng-results>
